# JRE version: Java(TM) SE Runtime Environment (15.0.2+7) (build 15.0.2+7-27)
# Java VM: Java HotSpot(TM) 64-Bit Server VM (15.0.2+7-27, mixed mode, sharing, tiered, compressed oops, g1 gc, windows-amd64)
GC Precious Log:
 CPUs: 4 total, 4 available
 Memory: 8097M
 Large Page Support: Disabled
 NUMA Support: Disabled
 Compressed Oops: Enabled (32-bit)
 Heap Region Size: 1M
 Heap Min Capacity: 256M
 Heap Initial Capacity: 256M
 Heap Max Capacity: 512M
 Pre-touch: Disabled
 Parallel Workers: 4
 Concurrent Workers: 1
 Concurrent Refinement Workers: 4
 Periodic GC: Disabled
Heap:
 garbage-first heap   total 262144K, used 151552K [0x00000000e0000000, 0x0000000100000000)
  region size 1024K, 21 young (21504K), 11 survivors (11264K)
 Metaspace       used 90258K, capacity 92573K, committed 92680K, reserved 335872K
  class space    used 11388K, capacity 12117K, committed 12160K, reserved 253952K
GC Heap History (20 events):
Event: 38.557 GC heap before
{Heap before GC invocations=7 (full 0):
 garbage-first heap   total 262144K, used 161176K [0x00000000e0000000, 0x0000000100000000)
  region size 1024K, 144 young (147456K), 16 survivors (16384K)
 Metaspace       used 48633K, capacity 49460K, committed 49584K, reserved 296960K
  class space    used 6292K, capacity 6538K, committed 6656K, reserved 253952K
}
Event: 38.608 GC heap after
{Heap after GC invocations=8 (full 0):
 garbage-first heap   total 262144K, used 42419K [0x00000000e0000000, 0x0000000100000000)
  region size 1024K, 18 young (18432K), 18 survivors (18432K)
 Metaspace       used 48633K, capacity 49460K, committed 49584K, reserved 296960K
  class space    used 6292K, capacity 6538K, committed 6656K, reserved 253952K
}
Event: 65.663 GC heap before
{Heap before GC invocations=8 (full 0):
 garbage-first heap   total 262144K, used 177587K [0x00000000e0000000, 0x0000000100000000)
  region size 1024K, 150 young (153600K), 18 survivors (18432K)
 Metaspace       used 59177K, capacity 60177K, committed 60296K, reserved 307200K
  class space    used 7809K, capacity 8157K, committed 8192K, reserved 253952K
}
Event: 65.715 GC heap after
{Heap after GC invocations=9 (full 0):
 garbage-first heap   total 262144K, used 55761K [0x00000000e0000000, 0x0000000100000000)
  region size 1024K, 13 young (13312K), 13 survivors (13312K)
 Metaspace       used 59177K, capacity 60177K, committed 60296K, reserved 307200K
  class space    used 7809K, capacity 8157K, committed 8192K, reserved 253952K
}
Event: 74.153 GC heap before
{Heap before GC invocations=10 (full 0):
 garbage-first heap   total 262144K, used 199121K [0x00000000e0000000, 0x0000000100000000)
  region size 1024K, 151 young (154624K), 13 survivors (13312K)
 Metaspace       used 69314K, capacity 70835K, committed 71048K, reserved 315392K
  class space    used 9162K, capacity 9621K, committed 9728K, reserved 253952K
}
Event: 74.197 GC heap after
{Heap after GC invocations=11 (full 0):
 garbage-first heap   total 262144K, used 75776K [0x00000000e0000000, 0x0000000100000000)
  region size 1024K, 17 young (17408K), 17 survivors (17408K)
 Metaspace       used 69314K, capacity 70835K, committed 71048K, reserved 315392K
  class space    used 9162K, capacity 9621K, committed 9728K, reserved 253952K
}
Event: 81.652 GC heap before
{Heap before GC invocations=11 (full 0):
 garbage-first heap   total 262144K, used 198656K [0x00000000e0000000, 0x0000000100000000)
  region size 1024K, 138 young (141312K), 17 survivors (17408K)
 Metaspace       used 76337K, capacity 77944K, committed 78216K, reserved 323584K
  class space    used 9975K, capacity 10472K, committed 10496K, reserved 253952K
}
Event: 81.700 GC heap after
{Heap after GC invocations=12 (full 0):
 garbage-first heap   total 262144K, used 88576K [0x00000000e0000000, 0x0000000100000000)
  region size 1024K, 13 young (13312K), 13 survivors (13312K)
 Metaspace       used 76337K, capacity 77944K, committed 78216K, reserved 323584K
  class space    used 9975K, capacity 10472K, committed 10496K, reserved 253952K
}
Event: 86.114 GC heap before
{Heap before GC invocations=12 (full 0):
 garbage-first heap   total 262144K, used 202240K [0x00000000e0000000, 0x0000000100000000)
  region size 1024K, 125 young (128000K), 13 survivors (13312K)
 Metaspace       used 77344K, capacity 79006K, committed 79112K, reserved 323584K
  class space    used 10029K, capacity 10529K, committed 10624K, reserved 253952K
}
Event: 86.146 GC heap after
{Heap after GC invocations=13 (full 0):
 garbage-first heap   total 262144K, used 95836K [0x00000000e0000000, 0x0000000100000000)
  region size 1024K, 9 young (9216K), 9 survivors (9216K)
 Metaspace       used 77344K, capacity 79006K, committed 79112K, reserved 323584K
  class space    used 10029K, capacity 10529K, committed 10624K, reserved 253952K
}
Event: 88.829 GC heap before
{Heap before GC invocations=13 (full 0):
 garbage-first heap   total 262144K, used 206428K [0x00000000e0000000, 0x0000000100000000)
  region size 1024K, 118 young (120832K), 9 survivors (9216K)
 Metaspace       used 82943K, capacity 84599K, committed 84744K, reserved 327680K
  class space    used 10741K, capacity 11283K, committed 11392K, reserved 253952K
}
Event: 88.853 GC heap after
{Heap after GC invocations=14 (full 0):
 garbage-first heap   total 262144K, used 103878K [0x00000000e0000000, 0x0000000100000000)
  region size 1024K, 9 young (9216K), 9 survivors (9216K)
 Metaspace       used 82943K, capacity 84599K, committed 84744K, reserved 327680K
  class space    used 10741K, capacity 11283K, committed 11392K, reserved 253952K
}
Event: 1459.459 GC heap before
{Heap before GC invocations=14 (full 0):
 garbage-first heap   total 262144K, used 208326K [0x00000000e0000000, 0x0000000100000000)
  region size 1024K, 112 young (114688K), 9 survivors (9216K)
 Metaspace       used 87711K, capacity 89472K, committed 89736K, reserved 333824K
  class space    used 11155K, capacity 11685K, committed 11776K, reserved 253952K
}
Event: 1459.592 GC heap after
{Heap after GC invocations=15 (full 0):
 garbage-first heap   total 262144K, used 108793K [0x00000000e0000000, 0x0000000100000000)
  region size 1024K, 6 young (6144K), 6 survivors (6144K)
 Metaspace       used 87711K, capacity 89472K, committed 89736K, reserved 333824K
  class space    used 11155K, capacity 11685K, committed 11776K, reserved 253952K
}
Event: 2519.294 GC heap before
{Heap before GC invocations=15 (full 0):
 garbage-first heap   total 262144K, used 211193K [0x00000000e0000000, 0x0000000100000000)
  region size 1024K, 107 young (109568K), 6 survivors (6144K)
 Metaspace       used 88861K, capacity 90907K, committed 91144K, reserved 333824K
  class space    used 11265K, capacity 11891K, committed 11904K, reserved 253952K
}
Event: 2519.365 GC heap after
{Heap after GC invocations=16 (full 0):
 garbage-first heap   total 262144K, used 122234K [0x00000000e0000000, 0x0000000100000000)
  region size 1024K, 14 young (14336K), 14 survivors (14336K)
 Metaspace       used 88861K, capacity 90907K, committed 91144K, reserved 333824K
  class space    used 11265K, capacity 11891K, committed 11904K, reserved 253952K
}
Event: 2522.182 GC heap before
{Heap before GC invocations=16 (full 0):
 garbage-first heap   total 262144K, used 207226K [0x00000000e0000000, 0x0000000100000000)
  region size 1024K, 98 young (100352K), 14 survivors (14336K)
 Metaspace       used 89377K, capacity 91440K, committed 91528K, reserved 333824K
  class space    used 11301K, capacity 11959K, committed 12032K, reserved 253952K
}
Event: 2522.231 GC heap after
{Heap after GC invocations=17 (full 0):
 garbage-first heap   total 262144K, used 130004K [0x00000000e0000000, 0x0000000100000000)
  region size 1024K, 8 young (8192K), 8 survivors (8192K)
 Metaspace       used 89377K, capacity 91440K, committed 91528K, reserved 333824K
  class space    used 11301K, capacity 11959K, committed 12032K, reserved 253952K
}
Event: 2665.245 GC heap before
{Heap before GC invocations=17 (full 0):
 garbage-first heap   total 262144K, used 209876K [0x00000000e0000000, 0x0000000100000000)
  region size 1024K, 87 young (89088K), 8 survivors (8192K)
 Metaspace       used 90151K, capacity 92467K, committed 92680K, reserved 335872K
  class space    used 11384K, capacity 12110K, committed 12160K, reserved 253952K
}
Event: 2665.294 GC heap after
{Heap after GC invocations=18 (full 0):
 garbage-first heap   total 262144K, used 142336K [0x00000000e0000000, 0x0000000100000000)
  region size 1024K, 11 young (11264K), 11 survivors (11264K)
 Metaspace       used 90151K, capacity 92467K, committed 92680K, reserved 335872K
  class space    used 11384K, capacity 12110K, committed 12160K, reserved 253952K
}

