# JRE version: Java(TM) SE Runtime Environment (15.0.2+7) (build 15.0.2+7-27)
# Java VM: Java HotSpot(TM) 64-Bit Server VM (15.0.2+7-27, mixed mode, sharing, tiered, compressed oops, g1 gc, windows-amd64)
GC Precious Log:
 CPUs: 4 total, 4 available
 Memory: 8097M
 Large Page Support: Disabled
 NUMA Support: Disabled
 Compressed Oops: Enabled (32-bit)
 Heap Region Size: 1M
 Heap Min Capacity: 256M
 Heap Initial Capacity: 256M
 Heap Max Capacity: 512M
 Pre-touch: Disabled
 Parallel Workers: 4
 Concurrent Workers: 1
 Concurrent Refinement Workers: 4
 Periodic GC: Disabled
Heap:
 garbage-first heap   total 263168K, used 152023K [0x00000000e0000000, 0x0000000100000000)
  region size 1024K, 47 young (48128K), 10 survivors (10240K)
 Metaspace       used 98115K, capacity 100676K, committed 101200K, reserved 344064K
  class space    used 12166K, capacity 12940K, committed 13056K, reserved 253952K
GC Heap History (20 events):
Event: 481.651 GC heap before
{Heap before GC invocations=28 (full 0):
 garbage-first heap   total 263168K, used 201216K [0x00000000e0000000, 0x0000000100000000)
  region size 1024K, 77 young (78848K), 10 survivors (10240K)
 Metaspace       used 97085K, capacity 99699K, committed 100176K, reserved 342016K
  class space    used 12162K, capacity 12934K, committed 13056K, reserved 253952K
}
Event: 481.676 GC heap after
{Heap after GC invocations=29 (full 0):
 garbage-first heap   total 263168K, used 137707K [0x00000000e0000000, 0x0000000100000000)
  region size 1024K, 5 young (5120K), 5 survivors (5120K)
 Metaspace       used 97085K, capacity 99699K, committed 100176K, reserved 342016K
  class space    used 12162K, capacity 12934K, committed 13056K, reserved 253952K
}
Event: 670.352 GC heap before
{Heap before GC invocations=29 (full 0):
 garbage-first heap   total 263168K, used 143851K [0x00000000e0000000, 0x0000000100000000)
  region size 1024K, 12 young (12288K), 5 survivors (5120K)
 Metaspace       used 97129K, capacity 99699K, committed 100176K, reserved 342016K
  class space    used 12162K, capacity 12934K, committed 13056K, reserved 253952K
}
Event: 670.380 GC heap after
{Heap after GC invocations=30 (full 0):
 garbage-first heap   total 263168K, used 119308K [0x00000000e0000000, 0x0000000100000000)
  region size 1024K, 2 young (2048K), 2 survivors (2048K)
 Metaspace       used 97129K, capacity 99699K, committed 100176K, reserved 342016K
  class space    used 12162K, capacity 12934K, committed 13056K, reserved 253952K
}
Event: 670.569 GC heap before
{Heap before GC invocations=30 (full 0):
 garbage-first heap   total 263168K, used 128524K [0x00000000e0000000, 0x0000000100000000)
  region size 1024K, 12 young (12288K), 2 survivors (2048K)
 Metaspace       used 97131K, capacity 99699K, committed 100176K, reserved 342016K
  class space    used 12162K, capacity 12934K, committed 13056K, reserved 253952K
}
Event: 670.606 GC heap after
{Heap after GC invocations=31 (full 0):
 garbage-first heap   total 263168K, used 111347K [0x00000000e0000000, 0x0000000100000000)
  region size 1024K, 2 young (2048K), 2 survivors (2048K)
 Metaspace       used 97131K, capacity 99699K, committed 100176K, reserved 342016K
  class space    used 12162K, capacity 12934K, committed 13056K, reserved 253952K
}
Event: 683.643 GC heap before
{Heap before GC invocations=31 (full 0):
 garbage-first heap   total 263168K, used 206579K [0x00000000e0000000, 0x0000000100000000)
  region size 1024K, 96 young (98304K), 2 survivors (2048K)
 Metaspace       used 97362K, capacity 99892K, committed 100176K, reserved 342016K
  class space    used 12163K, capacity 12934K, committed 13056K, reserved 253952K
}
Event: 683.675 GC heap after
{Heap after GC invocations=32 (full 0):
 garbage-first heap   total 263168K, used 128000K [0x00000000e0000000, 0x0000000100000000)
  region size 1024K, 12 young (12288K), 12 survivors (12288K)
 Metaspace       used 97362K, capacity 99892K, committed 100176K, reserved 342016K
  class space    used 12163K, capacity 12934K, committed 13056K, reserved 253952K
}
Event: 1111.636 GC heap before
{Heap before GC invocations=33 (full 0):
 garbage-first heap   total 263168K, used 201728K [0x00000000e0000000, 0x0000000100000000)
  region size 1024K, 90 young (92160K), 12 survivors (12288K)
 Metaspace       used 97494K, capacity 100009K, committed 100432K, reserved 342016K
  class space    used 12173K, capacity 12932K, committed 13056K, reserved 253952K
}
Event: 1111.669 GC heap after
{Heap after GC invocations=34 (full 0):
 garbage-first heap   total 263168K, used 127190K [0x00000000e0000000, 0x0000000100000000)
  region size 1024K, 6 young (6144K), 6 survivors (6144K)
 Metaspace       used 97494K, capacity 100009K, committed 100432K, reserved 342016K
  class space    used 12173K, capacity 12932K, committed 13056K, reserved 253952K
}
Event: 1431.639 GC heap before
{Heap before GC invocations=34 (full 0):
 garbage-first heap   total 263168K, used 133334K [0x00000000e0000000, 0x0000000100000000)
  region size 1024K, 12 young (12288K), 6 survivors (6144K)
 Metaspace       used 97546K, capacity 100137K, committed 100432K, reserved 342016K
  class space    used 12173K, capacity 12932K, committed 13056K, reserved 253952K
}
Event: 1431.728 GC heap after
{Heap after GC invocations=35 (full 0):
 garbage-first heap   total 263168K, used 109568K [0x00000000e0000000, 0x0000000100000000)
  region size 1024K, 1 young (1024K), 1 survivors (1024K)
 Metaspace       used 97546K, capacity 100137K, committed 100432K, reserved 342016K
  class space    used 12173K, capacity 12932K, committed 13056K, reserved 253952K
}
Event: 3041.568 GC heap before
{Heap before GC invocations=35 (full 0):
 garbage-first heap   total 263168K, used 207872K [0x00000000e0000000, 0x0000000100000000)
  region size 1024K, 97 young (99328K), 1 survivors (1024K)
 Metaspace       used 97763K, capacity 100377K, committed 100688K, reserved 342016K
  class space    used 12181K, capacity 12945K, committed 13056K, reserved 253952K
}
Event: 3041.631 GC heap after
{Heap after GC invocations=36 (full 0):
 garbage-first heap   total 263168K, used 123392K [0x00000000e0000000, 0x0000000100000000)
  region size 1024K, 13 young (13312K), 13 survivors (13312K)
 Metaspace       used 97763K, capacity 100377K, committed 100688K, reserved 342016K
  class space    used 12181K, capacity 12945K, committed 13056K, reserved 253952K
}
Event: 3043.483 GC heap before
{Heap before GC invocations=37 (full 0):
 garbage-first heap   total 263168K, used 196096K [0x00000000e0000000, 0x0000000100000000)
  region size 1024K, 93 young (95232K), 13 survivors (13312K)
 Metaspace       used 97506K, capacity 99894K, committed 100688K, reserved 342016K
  class space    used 12106K, capacity 12815K, committed 13056K, reserved 253952K
}
Event: 3043.533 GC heap after
{Heap after GC invocations=38 (full 0):
 garbage-first heap   total 263168K, used 123587K [0x00000000e0000000, 0x0000000100000000)
  region size 1024K, 9 young (9216K), 9 survivors (9216K)
 Metaspace       used 97506K, capacity 99894K, committed 100688K, reserved 342016K
  class space    used 12106K, capacity 12815K, committed 13056K, reserved 253952K
}
Event: 3043.647 GC heap before
{Heap before GC invocations=38 (full 0):
 garbage-first heap   total 263168K, used 126659K [0x00000000e0000000, 0x0000000100000000)
  region size 1024K, 12 young (12288K), 9 survivors (9216K)
 Metaspace       used 97546K, capacity 99958K, committed 100944K, reserved 342016K
  class space    used 12106K, capacity 12815K, committed 13056K, reserved 253952K
}
Event: 3043.709 GC heap after
{Heap after GC invocations=39 (full 0):
 garbage-first heap   total 263168K, used 106771K [0x00000000e0000000, 0x0000000100000000)
  region size 1024K, 2 young (2048K), 2 survivors (2048K)
 Metaspace       used 97546K, capacity 99958K, committed 100944K, reserved 342016K
  class space    used 12106K, capacity 12815K, committed 13056K, reserved 253952K
}
Event: 3942.156 GC heap before
{Heap before GC invocations=39 (full 0):
 garbage-first heap   total 263168K, used 200979K [0x00000000e0000000, 0x0000000100000000)
  region size 1024K, 95 young (97280K), 2 survivors (2048K)
 Metaspace       used 98038K, capacity 100535K, committed 101200K, reserved 344064K
  class space    used 12163K, capacity 12938K, committed 13056K, reserved 253952K
}
Event: 3942.178 GC heap after
{Heap after GC invocations=40 (full 0):
 garbage-first heap   total 263168K, used 115159K [0x00000000e0000000, 0x0000000100000000)
  region size 1024K, 10 young (10240K), 10 survivors (10240K)
 Metaspace       used 98038K, capacity 100535K, committed 101200K, reserved 344064K
  class space    used 12163K, capacity 12938K, committed 13056K, reserved 253952K
}

